TN:
SF:D:\work\github\vue-ui\src\svg.js
FN:1,(anonymous_0)
FN:2,(anonymous_1)
FN:4,(anonymous_2)
FN:6,(anonymous_3)
FN:6,(anonymous_4)
FN:7,(anonymous_5)
FN:7,(anonymous_6)
FNF:7
FNH:4
FNDA:5,(anonymous_0)
FNDA:5,(anonymous_1)
FNDA:5,(anonymous_2)
FNDA:0,(anonymous_3)
FNDA:0,(anonymous_4)
FNDA:0,(anonymous_5)
FNDA:5,(anonymous_6)
DA:1,5
DA:2,5
DA:3,5
DA:4,5
DA:5,5
DA:6,0
DA:7,0
DA:8,5
LF:8
LH:6
BRDA:2,0,0,0
BRDA:2,0,1,5
BRDA:2,1,0,5
BRDA:2,1,1,0
BRDA:2,2,0,0
BRDA:2,2,1,0
BRDA:2,3,0,5
BRDA:2,3,1,0
BRDA:3,4,0,0
BRDA:3,4,1,5
BRDA:6,5,0,0
BRDA:6,5,1,0
BRDA:6,6,0,0
BRDA:6,6,1,0
BRDA:7,7,0,0
BRDA:7,7,1,0
BRDA:8,8,0,5
BRDA:8,8,1,5
BRDA:8,9,0,5
BRDA:8,9,1,0
BRF:20
BRH:7
end_of_record
TN:
SF:D:\work\github\vue-ui\src\icon.vue
FNF:0
FNH:0
LF:0
LH:0
BRF:0
BRH:0
end_of_record
TN:
SF:D:\work\github\vue-ui\src\button\button.vue
FN:27,(anonymous_0)
FNF:1
FNH:1
FNDA:5,(anonymous_0)
DA:28,5
LF:1
LH:1
BRDA:28,0,0,5
BRDA:28,0,1,1
BRF:2
BRH:2
end_of_record
TN:
SF:D:\work\github\vue-ui\tests\unit\button.spec.js
FN:11,(anonymous_0)
FN:12,(anonymous_1)
FN:15,(anonymous_2)
FN:25,(anonymous_3)
FN:37,(anonymous_4)
FN:48,(anonymous_5)
FN:60,(anonymous_6)
FNF:7
FNH:7
FNDA:1,(anonymous_0)
FNDA:1,(anonymous_1)
FNDA:1,(anonymous_2)
FNDA:1,(anonymous_3)
FNDA:1,(anonymous_4)
FNDA:1,(anonymous_5)
FNDA:1,(anonymous_6)
DA:5,1
DA:11,1
DA:12,1
DA:13,1
DA:15,1
DA:16,1
DA:22,1
DA:23,1
DA:25,1
DA:26,1
DA:32,1
DA:33,1
DA:34,1
DA:35,1
DA:37,1
DA:38,1
DA:44,1
DA:45,1
DA:46,1
DA:48,1
DA:49,1
DA:56,1
DA:57,1
DA:58,1
DA:60,1
DA:61,1
DA:66,1
DA:67,1
DA:68,1
DA:69,1
DA:70,1
LF:31
LH:31
BRF:0
BRH:0
end_of_record
TN:
SF:D:\work\github\vue-ui\src\grid\row.vue
FN:15,(anonymous_0)
FN:21,(anonymous_1)
FN:27,(anonymous_2)
FN:32,(anonymous_3)
FN:33,(anonymous_4)
FNF:5
FNH:5
FNDA:1,(anonymous_0)
FNDA:2,(anonymous_1)
FNDA:2,(anonymous_2)
FNDA:2,(anonymous_3)
FNDA:2,(anonymous_4)
DA:16,1
DA:22,2
DA:23,2
DA:28,2
DA:29,2
DA:33,2
DA:34,2
LF:7
LH:7
BRDA:29,0,0,2
BRDA:29,0,1,1
BRF:2
BRH:2
end_of_record
TN:
SF:D:\work\github\vue-ui\src\grid\col.vue
FN:8,(anonymous_0)
FN:11,(anonymous_1)
FN:32,(anonymous_2)
FN:38,(anonymous_3)
FN:53,(anonymous_4)
FN:64,(anonymous_5)
FNF:6
FNH:6
FNDA:4,(anonymous_0)
FNDA:8,(anonymous_1)
FNDA:8,(anonymous_2)
FNDA:40,(anonymous_3)
FNDA:8,(anonymous_4)
FNDA:10,(anonymous_5)
DA:8,2
DA:9,4
DA:10,4
DA:11,4
DA:12,8
DA:13,0
DA:16,4
DA:33,8
DA:39,40
DA:40,28
DA:42,12
DA:43,12
DA:44,7
DA:46,12
DA:47,5
DA:49,12
DA:54,8
DA:55,8
DA:56,8
DA:65,10
DA:66,10
LF:21
LH:20
BRDA:12,0,0,0
BRDA:12,0,1,8
BRDA:38,1,0,8
BRDA:39,2,0,28
BRDA:39,2,1,12
BRDA:43,3,0,7
BRDA:43,3,1,5
BRDA:46,4,0,5
BRDA:46,4,1,7
BRF:9
BRH:8
end_of_record
TN:
SF:D:\work\github\vue-ui\tests\unit\col.spec.js
FN:12,(anonymous_0)
FN:13,(anonymous_1)
FN:16,(anonymous_2)
FN:24,(anonymous_3)
FN:32,(anonymous_4)
FN:41,(anonymous_5)
FN:50,(anonymous_6)
FN:59,(anonymous_7)
FNF:8
FNH:8
FNDA:1,(anonymous_0)
FNDA:1,(anonymous_1)
FNDA:1,(anonymous_2)
FNDA:1,(anonymous_3)
FNDA:1,(anonymous_4)
FNDA:1,(anonymous_5)
FNDA:1,(anonymous_6)
FNDA:1,(anonymous_7)
DA:5,1
DA:12,1
DA:13,1
DA:14,1
DA:16,1
DA:17,1
DA:22,1
DA:24,1
DA:25,1
DA:30,1
DA:32,1
DA:33,1
DA:38,1
DA:39,1
DA:41,1
DA:42,1
DA:47,1
DA:48,1
DA:50,1
DA:51,1
DA:56,1
DA:57,1
DA:59,1
DA:60,1
DA:65,1
DA:66,1
LF:26
LH:26
BRF:0
BRH:0
end_of_record
TN:
SF:D:\work\github\vue-ui\src\collapse\collapse.vue
FN:19,(anonymous_0)
FN:24,(anonymous_1)
FN:31,(anonymous_2)
FN:33,(anonymous_3)
FN:43,(anonymous_4)
FNF:5
FNH:4
FNDA:3,(anonymous_0)
FNDA:3,(anonymous_1)
FNDA:3,(anonymous_2)
FNDA:2,(anonymous_3)
FNDA:0,(anonymous_4)
DA:20,3
DA:25,3
DA:26,3
DA:32,3
DA:33,3
DA:34,2
DA:35,2
DA:36,2
DA:38,0
DA:40,2
DA:41,2
DA:43,3
DA:44,0
DA:45,0
DA:46,0
DA:47,0
DA:48,0
LF:17
LH:11
BRDA:25,0,0,3
BRDA:25,0,1,0
BRDA:35,1,0,2
BRDA:35,1,1,0
BRF:4
BRH:2
end_of_record
TN:
SF:D:\work\github\vue-ui\src\collapse\collapse-item.vue
FN:25,(anonymous_0)
FN:31,(anonymous_1)
FN:32,(anonymous_2)
FN:41,(anonymous_3)
FNF:4
FNH:4
FNDA:9,(anonymous_0)
FNDA:9,(anonymous_1)
FNDA:15,(anonymous_2)
FNDA:2,(anonymous_3)
DA:26,9
DA:32,9
DA:33,15
DA:34,6
DA:36,9
DA:42,2
DA:43,0
DA:45,2
LF:8
LH:7
BRDA:32,0,0,9
BRDA:32,0,1,9
BRDA:33,1,0,6
BRDA:33,1,1,9
BRDA:42,2,0,0
BRDA:42,2,1,2
BRDA:43,3,0,0
BRDA:43,3,1,0
BRDA:45,4,0,2
BRDA:45,4,1,2
BRF:10
BRH:7
end_of_record
TN:
SF:D:\work\github\vue-ui\tests\unit\collapse.spec.js
FN:12,(anonymous_0)
FN:13,(anonymous_1)
FN:16,(anonymous_2)
FN:20,(anonymous_3)
FN:38,(anonymous_4)
FN:46,(anonymous_5)
FN:64,(anonymous_6)
FN:66,(anonymous_7)
FN:74,(anonymous_8)
FN:96,(anonymous_9)
FN:98,(anonymous_10)
FNF:11
FNH:11
FNDA:1,(anonymous_0)
FNDA:1,(anonymous_1)
FNDA:1,(anonymous_2)
FNDA:1,(anonymous_3)
FNDA:1,(anonymous_4)
FNDA:1,(anonymous_5)
FNDA:1,(anonymous_6)
FNDA:1,(anonymous_7)
FNDA:1,(anonymous_8)
FNDA:1,(anonymous_9)
FNDA:1,(anonymous_10)
DA:5,1
DA:12,1
DA:13,1
DA:14,1
DA:16,1
DA:17,1
DA:20,1
DA:21,1
DA:22,1
DA:23,1
DA:38,1
DA:39,1
DA:40,1
DA:41,1
DA:42,1
DA:46,1
DA:47,1
DA:48,1
DA:49,1
DA:64,1
DA:65,1
DA:66,1
DA:67,1
DA:68,1
DA:69,1
DA:74,1
DA:75,1
DA:76,1
DA:77,1
DA:78,1
DA:96,1
DA:97,1
DA:98,1
DA:99,1
DA:100,1
LF:35
LH:35
BRF:0
BRH:0
end_of_record
TN:
SF:D:\work\github\vue-ui\src\input.vue
FN:42,(anonymous_0)
FNF:1
FNH:0
FNDA:0,(anonymous_0)
DA:43,0
LF:1
LH:0
BRF:0
BRH:0
end_of_record
TN:
SF:D:\work\github\vue-ui\tests\unit\input.spec.js
FN:11,(anonymous_0)
FN:12,(anonymous_1)
FN:15,(anonymous_2)
FN:24,(anonymous_3)
FN:33,(anonymous_4)
FN:42,(anonymous_5)
FN:55,(anonymous_6)
FN:68,(anonymous_7)
FN:73,(anonymous_8)
FNF:9
FNH:8
FNDA:1,(anonymous_0)
FNDA:1,(anonymous_1)
FNDA:1,(anonymous_2)
FNDA:1,(anonymous_3)
FNDA:1,(anonymous_4)
FNDA:1,(anonymous_5)
FNDA:1,(anonymous_6)
FNDA:1,(anonymous_7)
FNDA:0,(anonymous_8)
DA:5,1
DA:11,1
DA:12,1
DA:13,1
DA:15,1
DA:16,1
DA:21,1
DA:24,1
DA:25,1
DA:30,1
DA:33,1
DA:34,1
DA:39,1
DA:42,1
DA:43,1
DA:48,1
DA:49,1
DA:50,1
DA:51,1
DA:52,1
DA:55,1
DA:56,1
DA:57,1
DA:58,1
DA:59,1
DA:60,1
DA:68,1
DA:69,1
DA:70,1
DA:71,1
DA:72,1
DA:73,1
DA:74,0
DA:75,0
DA:76,0
DA:77,0
DA:78,0
LF:37
LH:32
BRF:0
BRH:0
end_of_record
TN:
SF:D:\work\github\vue-ui\src\nav\nav.vue
FN:10,(anonymous_0)
FN:25,(anonymous_1)
FN:31,(anonymous_2)
FN:35,(anonymous_3)
FN:39,(anonymous_4)
FN:42,(anonymous_5)
FN:43,(anonymous_6)
FN:51,(anonymous_7)
FN:52,(anonymous_8)
FN:53,(anonymous_9)
FNF:10
FNH:9
FNDA:3,(anonymous_0)
FNDA:3,(anonymous_1)
FNDA:3,(anonymous_2)
FNDA:0,(anonymous_3)
FNDA:6,(anonymous_4)
FNDA:3,(anonymous_5)
FNDA:6,(anonymous_6)
FNDA:3,(anonymous_7)
FNDA:6,(anonymous_8)
FNDA:1,(anonymous_9)
DA:11,3
DA:26,3
DA:32,3
DA:33,3
DA:36,0
DA:40,6
DA:43,3
DA:44,6
DA:45,3
DA:47,3
DA:52,3
DA:53,6
DA:54,1
LF:13
LH:12
BRDA:44,0,0,3
BRDA:44,0,1,3
BRF:2
BRH:2
end_of_record
TN:
SF:D:\work\github\vue-ui\src\nav\nav-item.vue
FN:18,(anonymous_0)
FN:23,(anonymous_1)
FN:27,(anonymous_2)
FNF:3
FNH:3
FNDA:6,(anonymous_0)
FNDA:6,(anonymous_1)
FNDA:1,(anonymous_2)
DA:19,6
DA:24,6
DA:28,1
DA:29,1
DA:30,1
LF:5
LH:5
BRDA:29,0,0,1
BRDA:29,0,1,0
BRF:2
BRH:1
end_of_record
TN:
SF:D:\work\github\vue-ui\src\click-outside.js
FN:1,(anonymous_0)
FN:3,(anonymous_1)
FN:15,(anonymous_2)
FN:20,(anonymous_3)
FNF:4
FNH:1
FNDA:0,(anonymous_0)
FNDA:0,(anonymous_1)
FNDA:3,(anonymous_2)
FNDA:0,(anonymous_3)
DA:1,1
DA:2,0
DA:3,0
DA:4,0
DA:5,0
DA:7,0
DA:11,1
DA:13,1
DA:16,3
DA:20,1
DA:21,0
LF:11
LH:5
BRDA:4,0,0,0
BRDA:4,0,1,0
BRDA:4,1,0,0
BRDA:4,1,1,0
BRF:4
BRH:0
end_of_record
TN:
SF:D:\work\github\vue-ui\src\nav\sub-nav.vue
FN:41,(anonymous_0)
FN:47,(anonymous_1)
FN:52,(anonymous_2)
FN:57,(anonymous_3)
FN:61,(anonymous_4)
FN:64,(anonymous_5)
FN:69,(anonymous_6)
FN:73,(anonymous_7)
FN:76,(anonymous_8)
FN:79,(anonymous_9)
FN:82,(anonymous_10)
FNF:11
FNH:2
FNDA:3,(anonymous_0)
FNDA:4,(anonymous_1)
FNDA:0,(anonymous_2)
FNDA:0,(anonymous_3)
FNDA:0,(anonymous_4)
FNDA:0,(anonymous_5)
FNDA:0,(anonymous_6)
FNDA:0,(anonymous_7)
FNDA:0,(anonymous_8)
FNDA:0,(anonymous_9)
FNDA:0,(anonymous_10)
DA:42,3
DA:48,4
DA:53,0
DA:54,0
DA:55,0
DA:56,0
DA:57,0
DA:58,0
DA:62,0
DA:65,0
DA:66,0
DA:67,0
DA:68,0
DA:69,0
DA:70,0
DA:74,0
DA:77,0
DA:80,0
DA:83,0
DA:84,0
DA:85,0
LF:21
LH:2
BRDA:48,0,0,0
BRDA:48,0,1,4
BRDA:84,1,0,0
BRDA:84,1,1,0
BRF:4
BRH:1
end_of_record
TN:
SF:D:\work\github\vue-ui\tests\unit\nav.spec.js
FN:12,(anonymous_0)
FN:13,(anonymous_1)
FN:17,(anonymous_2)
FN:35,(anonymous_3)
FN:41,(anonymous_4)
FN:63,(anonymous_5)
FN:70,(anonymous_6)
FN:89,(anonymous_7)
FNF:8
FNH:8
FNDA:1,(anonymous_0)
FNDA:1,(anonymous_1)
FNDA:1,(anonymous_2)
FNDA:1,(anonymous_3)
FNDA:1,(anonymous_4)
FNDA:1,(anonymous_5)
FNDA:1,(anonymous_6)
FNDA:1,(anonymous_7)
DA:10,1
DA:12,1
DA:13,1
DA:14,1
DA:17,1
DA:18,1
DA:19,1
DA:20,1
DA:35,1
DA:36,1
DA:37,1
DA:41,1
DA:42,1
DA:43,1
DA:44,1
DA:45,1
DA:63,1
DA:64,1
DA:65,1
DA:66,1
DA:70,1
DA:71,1
DA:72,1
DA:73,1
DA:89,1
DA:90,1
DA:91,1
LF:27
LH:27
BRF:0
BRH:0
end_of_record
TN:
SF:D:\work\github\vue-ui\src\popover.vue
FN:16,(anonymous_0)
FN:28,(anonymous_1)
FN:35,(anonymous_2)
FN:43,(anonymous_3)
FN:47,(anonymous_4)
FN:52,(anonymous_5)
FN:59,(anonymous_6)
FN:68,(anonymous_7)
FN:76,(anonymous_8)
FN:84,(anonymous_9)
FN:89,(anonymous_10)
FN:117,(anonymous_11)
FN:124,(anonymous_12)
FN:127,(anonymous_13)
FN:132,(anonymous_14)
FN:137,(anonymous_15)
FNF:16
FNH:9
FNDA:2,(anonymous_0)
FNDA:2,(anonymous_1)
FNDA:2,(anonymous_2)
FNDA:2,(anonymous_3)
FNDA:0,(anonymous_4)
FNDA:0,(anonymous_5)
FNDA:0,(anonymous_6)
FNDA:2,(anonymous_7)
FNDA:0,(anonymous_8)
FNDA:0,(anonymous_9)
FNDA:2,(anonymous_10)
FNDA:0,(anonymous_11)
FNDA:2,(anonymous_12)
FNDA:2,(anonymous_13)
FNDA:0,(anonymous_14)
FNDA:1,(anonymous_15)
DA:17,2
DA:29,2
DA:36,2
DA:44,2
DA:48,0
DA:49,0
DA:53,0
DA:54,0
DA:56,0
DA:60,0
DA:61,0
DA:63,0
DA:69,2
DA:70,1
DA:72,1
DA:73,1
DA:77,0
DA:78,0
DA:80,0
DA:81,0
DA:85,0
DA:86,0
DA:87,0
DA:90,2
DA:91,2
DA:94,2
DA:95,2
DA:96,2
DA:114,2
DA:115,2
DA:118,0
DA:120,0
DA:122,0
DA:125,2
DA:126,2
DA:127,2
DA:128,2
DA:129,2
DA:133,0
DA:134,0
DA:135,0
DA:138,1
DA:139,1
DA:140,0
DA:142,1
LF:45
LH:23
BRDA:53,0,0,0
BRDA:53,0,1,0
BRDA:60,1,0,0
BRDA:60,1,1,0
BRDA:69,2,0,1
BRDA:69,2,1,1
BRDA:77,3,0,0
BRDA:77,3,1,0
BRDA:86,4,0,0
BRDA:86,4,1,0
BRDA:118,5,0,0
BRDA:118,5,1,0
BRDA:118,6,0,0
BRDA:118,6,1,0
BRDA:118,6,2,0
BRDA:120,7,0,0
BRDA:120,7,1,0
BRDA:120,8,0,0
BRDA:120,8,1,0
BRDA:120,8,2,0
BRDA:138,9,0,1
BRDA:138,9,1,0
BRDA:139,10,0,0
BRDA:139,10,1,1
BRF:24
BRH:4
end_of_record
TN:
SF:D:\work\github\vue-ui\tests\unit\popover.spec.js
FN:9,(anonymous_0)
FN:10,(anonymous_1)
FN:14,(anonymous_2)
FN:30,(anonymous_3)
FNF:4
FNH:4
FNDA:1,(anonymous_0)
FNDA:1,(anonymous_1)
FNDA:1,(anonymous_2)
FNDA:1,(anonymous_3)
DA:6,1
DA:9,1
DA:10,1
DA:11,1
DA:14,1
DA:15,1
DA:25,1
DA:26,1
DA:27,1
DA:30,1
DA:31,1
DA:42,1
DA:43,1
DA:44,1
LF:14
LH:14
BRF:0
BRH:0
end_of_record
TN:
SF:D:\work\github\vue-ui\tests\unit\row.spec.js
FN:12,(anonymous_0)
FN:13,(anonymous_1)
FN:17,(anonymous_2)
FN:33,(anonymous_3)
FN:43,(anonymous_4)
FNF:5
FNH:5
FNDA:1,(anonymous_0)
FNDA:1,(anonymous_1)
FNDA:1,(anonymous_2)
FNDA:1,(anonymous_3)
FNDA:1,(anonymous_4)
DA:5,1
DA:12,1
DA:13,1
DA:14,1
DA:17,1
DA:18,1
DA:19,1
DA:21,1
DA:33,1
DA:34,1
DA:35,1
DA:36,1
DA:37,1
DA:38,1
DA:43,1
DA:44,1
DA:49,1
DA:50,1
LF:18
LH:18
BRF:0
BRH:0
end_of_record
TN:
SF:D:\work\github\vue-ui\src\slides\slides.vue
FN:44,(anonymous_0)
FN:52,(anonymous_1)
FN:59,(anonymous_2)
FN:62,(anonymous_3)
FN:66,(anonymous_4)
FN:70,(anonymous_5)
FN:71,(anonymous_6)
FN:73,(anonymous_7)
FN:74,(anonymous_8)
FN:78,(anonymous_9)
FN:85,(anonymous_10)
FN:100,(anonymous_11)
FN:104,(anonymous_12)
FN:107,(anonymous_13)
FN:110,(anonymous_14)
FN:113,(anonymous_15)
FN:116,(anonymous_16)
FN:118,(anonymous_17)
FN:126,(anonymous_18)
FN:130,(anonymous_19)
FN:140,(anonymous_20)
FN:144,(anonymous_21)
FN:146,(anonymous_22)
FN:157,(anonymous_23)
FNF:24
FNH:17
FNDA:6,(anonymous_0)
FNDA:6,(anonymous_1)
FNDA:23,(anonymous_2)
FNDA:0,(anonymous_3)
FNDA:6,(anonymous_4)
FNDA:6,(anonymous_5)
FNDA:18,(anonymous_6)
FNDA:6,(anonymous_7)
FNDA:30,(anonymous_8)
FNDA:0,(anonymous_9)
FNDA:0,(anonymous_10)
FNDA:0,(anonymous_11)
FNDA:0,(anonymous_12)
FNDA:0,(anonymous_13)
FNDA:1,(anonymous_14)
FNDA:1,(anonymous_15)
FNDA:1,(anonymous_16)
FNDA:3,(anonymous_17)
FNDA:0,(anonymous_18)
FNDA:6,(anonymous_19)
FNDA:32,(anonymous_20)
FNDA:29,(anonymous_21)
FNDA:87,(anonymous_22)
FNDA:87,(anonymous_23)
DA:45,6
DA:53,6
DA:54,6
DA:55,1
DA:57,6
DA:60,23
DA:63,0
DA:67,6
DA:68,6
DA:71,18
DA:74,30
DA:79,0
DA:80,0
DA:81,0
DA:83,0
DA:86,0
DA:87,0
DA:88,0
DA:90,0
DA:91,0
DA:92,0
DA:93,0
DA:94,0
DA:95,0
DA:97,0
DA:100,0
DA:101,0
DA:105,0
DA:108,0
DA:111,1
DA:114,1
DA:117,1
DA:118,1
DA:119,3
DA:120,3
DA:121,3
DA:122,3
DA:124,1
DA:127,0
DA:128,0
DA:131,6
DA:132,6
DA:133,1
DA:135,6
DA:136,0
DA:138,6
DA:141,32
DA:142,32
DA:145,29
DA:146,29
DA:147,87
DA:148,87
DA:149,21
DA:150,0
DA:152,21
DA:153,0
DA:156,87
DA:157,87
DA:158,87
LF:59
LH:35
BRDA:54,0,0,1
BRDA:54,0,1,5
BRDA:68,1,0,1
BRDA:68,1,1,5
BRDA:80,2,0,0
BRDA:80,2,1,0
BRDA:93,3,0,0
BRDA:93,3,1,0
BRDA:94,4,0,0
BRDA:94,4,1,0
BRDA:117,5,0,0
BRDA:117,5,1,1
BRDA:132,6,0,1
BRDA:132,6,1,5
BRDA:135,7,0,0
BRDA:135,7,1,6
BRDA:142,8,0,32
BRDA:142,8,1,3
BRDA:147,9,0,0
BRDA:147,9,1,87
BRDA:148,10,0,21
BRDA:148,10,1,66
BRDA:149,11,0,0
BRDA:149,11,1,21
BRDA:149,12,0,21
BRDA:149,12,1,0
BRDA:152,13,0,0
BRDA:152,13,1,21
BRDA:152,14,0,21
BRDA:152,14,1,12
BRF:30
BRH:18
end_of_record
TN:
SF:D:\work\github\vue-ui\src\slides\slides-item.vue
FN:26,(anonymous_0)
FN:33,(anonymous_1)
FN:37,(anonymous_2)
FNF:3
FNH:3
FNDA:18,(anonymous_0)
FNDA:48,(anonymous_1)
FNDA:36,(anonymous_2)
DA:27,18
DA:34,48
DA:38,36
LF:3
LH:3
BRF:0
BRH:0
end_of_record
TN:
SF:D:\work\github\vue-ui\tests\unit\slides.spec.js
FN:11,(anonymous_0)
FN:12,(anonymous_1)
FN:16,(anonymous_2)
FN:37,(anonymous_3)
FN:43,(anonymous_4)
FN:65,(anonymous_5)
FN:70,(anonymous_6)
FN:91,(anonymous_7)
FN:98,(anonymous_8)
FN:103,(anonymous_9)
FN:130,(anonymous_10)
FN:135,(anonymous_11)
FN:156,(anonymous_12)
FN:163,(anonymous_13)
FN:167,(anonymous_14)
FN:188,(anonymous_15)
FN:195,(anonymous_16)
FNF:17
FNH:17
FNDA:1,(anonymous_0)
FNDA:1,(anonymous_1)
FNDA:1,(anonymous_2)
FNDA:1,(anonymous_3)
FNDA:1,(anonymous_4)
FNDA:1,(anonymous_5)
FNDA:1,(anonymous_6)
FNDA:1,(anonymous_7)
FNDA:1,(anonymous_8)
FNDA:1,(anonymous_9)
FNDA:1,(anonymous_10)
FNDA:1,(anonymous_11)
FNDA:1,(anonymous_12)
FNDA:1,(anonymous_13)
FNDA:1,(anonymous_14)
FNDA:1,(anonymous_15)
FNDA:1,(anonymous_16)
DA:9,1
DA:11,1
DA:12,1
DA:13,1
DA:16,1
DA:17,1
DA:18,1
DA:37,1
DA:38,1
DA:39,1
DA:43,1
DA:44,1
DA:45,1
DA:65,1
DA:66,1
DA:67,1
DA:70,1
DA:71,1
DA:72,1
DA:92,1
DA:93,1
DA:98,1
DA:99,1
DA:103,1
DA:104,1
DA:105,1
DA:106,1
DA:130,1
DA:131,1
DA:132,1
DA:135,1
DA:136,1
DA:137,1
DA:157,1
DA:158,1
DA:163,1
DA:164,1
DA:167,1
DA:168,1
DA:169,1
DA:189,1
DA:190,1
DA:195,1
DA:196,1
LF:44
LH:44
BRF:0
BRH:0
end_of_record
TN:
SF:D:\work\github\vue-ui\src\tabs\tabs.vue
FN:18,(anonymous_0)
FN:23,(anonymous_1)
FN:28,(anonymous_2)
FN:33,(anonymous_3)
FN:38,(anonymous_4)
FN:43,(anonymous_5)
FN:44,(anonymous_6)
FN:46,(anonymous_7)
FNF:8
FNH:8
FNDA:2,(anonymous_0)
FNDA:2,(anonymous_1)
FNDA:2,(anonymous_2)
FNDA:2,(anonymous_3)
FNDA:2,(anonymous_4)
FNDA:2,(anonymous_5)
FNDA:3,(anonymous_6)
FNDA:3,(anonymous_7)
DA:19,2
DA:24,2
DA:29,2
DA:34,2
DA:35,2
DA:39,2
DA:40,0
DA:44,2
DA:45,3
DA:46,1
DA:47,3
DA:48,1
LF:12
LH:11
BRDA:39,0,0,0
BRDA:39,0,1,2
BRDA:40,1,0,0
BRDA:40,1,1,0
BRDA:40,1,2,0
BRDA:45,2,0,1
BRDA:45,2,1,2
BRDA:47,3,0,1
BRDA:47,3,1,2
BRDA:47,4,0,3
BRDA:47,4,1,3
BRF:11
BRH:7
end_of_record
TN:
SF:D:\work\github\vue-ui\src\tabs\tabs-head.vue
FN:14,(anonymous_0)
FN:15,(anonymous_1)
FN:20,(anonymous_2)
FNF:3
FNH:3
FNDA:1,(anonymous_0)
FNDA:1,(anonymous_1)
FNDA:1,(anonymous_2)
DA:15,1
DA:16,1
DA:21,1
DA:22,1
DA:23,1
DA:24,1
LF:6
LH:6
BRF:0
BRH:0
end_of_record
TN:
SF:D:\work\github\vue-ui\src\tabs\tabs-body.vue
FN:10,(anonymous_0)
FNF:1
FNH:1
FNDA:1,(anonymous_0)
LF:0
LH:0
BRF:0
BRH:0
end_of_record
TN:
SF:D:\work\github\vue-ui\src\tabs\tabs-item.vue
FN:10,(anonymous_0)
FN:26,(anonymous_1)
FN:33,(anonymous_2)
FN:35,(anonymous_3)
FN:41,(anonymous_4)
FNF:5
FNH:5
FNDA:5,(anonymous_0)
FNDA:6,(anonymous_1)
FNDA:5,(anonymous_2)
FNDA:3,(anonymous_3)
FNDA:1,(anonymous_4)
DA:11,5
DA:27,6
DA:34,5
DA:35,3
DA:36,3
DA:42,1
DA:43,0
DA:44,0
LF:8
LH:6
BRDA:34,0,0,3
BRDA:34,0,1,2
BRDA:42,1,0,1
BRDA:42,1,1,0
BRDA:43,2,0,0
BRDA:43,2,1,0
BRF:6
BRH:3
end_of_record
TN:
SF:D:\work\github\vue-ui\src\tabs\tabs-pane.vue
FN:10,(anonymous_0)
FN:22,(anonymous_1)
FN:28,(anonymous_2)
FN:29,(anonymous_3)
FNF:4
FNH:4
FNDA:3,(anonymous_0)
FNDA:1,(anonymous_1)
FNDA:3,(anonymous_2)
FNDA:3,(anonymous_3)
DA:11,3
DA:23,1
DA:29,3
DA:30,3
LF:4
LH:4
BRF:0
BRH:0
end_of_record
TN:
SF:D:\work\github\vue-ui\tests\unit\tabs-item.spec.js
FN:15,(anonymous_0)
FN:16,(anonymous_1)
FN:19,(anonymous_2)
FN:22,(anonymous_3)
FN:25,(anonymous_4)
FN:29,(anonymous_5)
FN:38,(anonymous_6)
FNF:7
FNH:7
FNDA:1,(anonymous_0)
FNDA:1,(anonymous_1)
FNDA:1,(anonymous_2)
FNDA:1,(anonymous_3)
FNDA:1,(anonymous_4)
FNDA:1,(anonymous_5)
FNDA:1,(anonymous_6)
DA:5,1
DA:15,1
DA:16,1
DA:17,1
DA:19,1
DA:20,1
DA:22,1
DA:23,1
DA:25,1
DA:26,1
DA:29,1
DA:30,1
DA:35,1
DA:38,1
DA:39,1
DA:45,1
DA:46,1
DA:47,1
DA:48,1
DA:49,1
DA:50,1
LF:21
LH:21
BRF:0
BRH:0
end_of_record
TN:
SF:D:\work\github\vue-ui\tests\unit\tabs.spec.js
FN:15,(anonymous_0)
FN:16,(anonymous_1)
FN:20,(anonymous_2)
FN:50,(anonymous_3)
FNF:4
FNH:4
FNDA:1,(anonymous_0)
FNDA:1,(anonymous_1)
FNDA:1,(anonymous_2)
FNDA:1,(anonymous_3)
DA:5,1
DA:15,1
DA:16,1
DA:17,1
DA:20,1
DA:21,1
DA:22,1
DA:23,1
DA:24,1
DA:25,1
DA:27,1
DA:49,1
DA:50,1
DA:51,1
DA:53,1
DA:54,1
LF:16
LH:16
BRF:0
BRH:0
end_of_record
TN:
SF:D:\work\github\vue-ui\src\toast.vue
FN:23,(anonymous_0)
FN:29,(anonymous_1)
FN:43,(anonymous_2)
FN:48,(anonymous_3)
FN:53,(anonymous_4)
FN:60,(anonymous_5)
FN:61,(anonymous_6)
FN:67,(anonymous_7)
FN:69,(anonymous_8)
FN:74,(anonymous_9)
FN:79,(anonymous_10)
FNF:11
FNH:7
FNDA:4,(anonymous_0)
FNDA:3,(anonymous_1)
FNDA:4,(anonymous_2)
FNDA:4,(anonymous_3)
FNDA:4,(anonymous_4)
FNDA:4,(anonymous_5)
FNDA:0,(anonymous_6)
FNDA:4,(anonymous_7)
FNDA:0,(anonymous_8)
FNDA:0,(anonymous_9)
FNDA:0,(anonymous_10)
DA:24,4
DA:30,3
DA:44,4
DA:49,4
DA:50,4
DA:54,4
DA:61,4
DA:62,0
DA:68,4
DA:69,4
DA:70,0
DA:75,0
DA:76,0
DA:77,0
DA:80,0
DA:81,0
DA:82,0
LF:17
LH:9
BRDA:24,0,0,4
BRDA:24,0,1,4
BRDA:68,1,0,4
BRDA:68,1,1,0
BRDA:81,2,0,0
BRDA:81,2,1,0
BRDA:81,3,0,0
BRDA:81,3,1,0
BRF:8
BRH:3
end_of_record
TN:
SF:D:\work\github\vue-ui\tests\unit\toast.spec.js
FN:11,(anonymous_0)
FN:12,(anonymous_1)
FN:16,(anonymous_2)
FN:23,(anonymous_3)
FN:28,(anonymous_4)
FN:41,(anonymous_5)
FN:48,(anonymous_6)
FN:59,(anonymous_7)
FNF:8
FNH:6
FNDA:1,(anonymous_0)
FNDA:1,(anonymous_1)
FNDA:1,(anonymous_2)
FNDA:0,(anonymous_3)
FNDA:1,(anonymous_4)
FNDA:0,(anonymous_5)
FNDA:1,(anonymous_6)
FNDA:1,(anonymous_7)
DA:5,1
DA:11,1
DA:12,1
DA:13,1
DA:16,1
DA:17,1
DA:22,1
DA:23,1
DA:24,0
DA:28,1
DA:29,1
DA:30,1
DA:38,1
DA:39,1
DA:40,1
DA:41,1
DA:42,0
DA:43,0
DA:44,0
DA:48,1
DA:49,1
DA:50,1
DA:53,1
DA:54,1
DA:55,1
DA:56,1
DA:59,1
DA:60,1
DA:65,1
DA:66,1
LF:30
LH:26
BRF:0
BRH:0
end_of_record
TN:
SF:D:\work\github\vue-ui\src\http.js
FN:1,core
FN:4,(anonymous_1)
FN:7,(anonymous_2)
FN:14,(anonymous_3)
FN:17,(anonymous_4)
FNF:5
FNH:0
FNDA:0,core
FNDA:0,(anonymous_1)
FNDA:0,(anonymous_2)
FNDA:0,(anonymous_3)
FNDA:0,(anonymous_4)
DA:2,0
DA:3,0
DA:4,0
DA:5,0
DA:7,0
DA:8,0
DA:10,0
DA:15,0
DA:18,0
LF:9
LH:0
BRDA:5,0,0,0
BRDA:5,0,1,0
BRDA:8,1,0,0
BRDA:8,1,1,0
BRF:4
BRH:0
end_of_record
TN:
SF:D:\work\github\vue-ui\src\uploader.vue
FN:50,(anonymous_0)
FN:64,(anonymous_1)
FN:70,(anonymous_2)
FN:72,(anonymous_3)
FN:78,(anonymous_4)
FN:87,(anonymous_5)
FN:96,(anonymous_6)
FN:103,(anonymous_7)
FN:104,(anonymous_8)
FN:114,(anonymous_9)
FN:128,(anonymous_10)
FN:132,(anonymous_11)
FN:137,(anonymous_12)
FN:138,(anonymous_13)
FN:151,(anonymous_14)
FN:152,(anonymous_15)
FN:160,(anonymous_16)
FN:163,(anonymous_17)
FNF:18
FNH:0
FNDA:0,(anonymous_0)
FNDA:0,(anonymous_1)
FNDA:0,(anonymous_2)
FNDA:0,(anonymous_3)
FNDA:0,(anonymous_4)
FNDA:0,(anonymous_5)
FNDA:0,(anonymous_6)
FNDA:0,(anonymous_7)
FNDA:0,(anonymous_8)
FNDA:0,(anonymous_9)
FNDA:0,(anonymous_10)
FNDA:0,(anonymous_11)
FNDA:0,(anonymous_12)
FNDA:0,(anonymous_13)
FNDA:0,(anonymous_14)
FNDA:0,(anonymous_15)
FNDA:0,(anonymous_16)
FNDA:0,(anonymous_17)
DA:50,0
DA:65,0
DA:71,0
DA:72,0
DA:73,0
DA:74,0
DA:76,0
DA:79,0
DA:80,0
DA:81,0
DA:82,0
DA:83,0
DA:84,0
DA:88,0
DA:89,0
DA:90,0
DA:91,0
DA:92,0
DA:93,0
DA:96,0
DA:97,0
DA:98,0
DA:100,0
DA:101,0
DA:104,0
DA:105,0
DA:106,0
DA:107,0
DA:108,0
DA:109,0
DA:110,0
DA:111,0
DA:112,0
DA:115,0
DA:116,0
DA:117,0
DA:118,0
DA:119,0
DA:121,0
DA:123,0
DA:124,0
DA:125,0
DA:126,0
DA:127,0
DA:128,0
DA:129,0
DA:130,0
DA:131,0
DA:133,0
DA:138,0
DA:139,0
DA:140,0
DA:141,0
DA:142,0
DA:143,0
DA:144,0
DA:145,0
DA:146,0
DA:147,0
DA:149,0
DA:152,0
DA:153,0
DA:154,0
DA:155,0
DA:156,0
DA:158,0
DA:161,0
DA:164,0
DA:165,0
DA:166,0
DA:167,0
DA:168,0
DA:169,0
DA:170,0
LF:74
LH:0
BRDA:80,0,0,0
BRDA:80,0,1,0
BRDA:91,1,0,0
BRDA:91,1,1,0
BRDA:121,2,0,0
BRDA:121,2,1,0
BRDA:146,3,0,0
BRDA:146,3,1,0
BRF:8
BRH:0
end_of_record
TN:
SF:D:\work\github\vue-ui\tests\unit\uploader.spec.js
FN:10,(anonymous_0)
FN:11,(anonymous_1)
FN:14,(anonymous_2)
FN:15,(anonymous_3)
FN:16,(anonymous_4)
FN:27,(anonymous_5)
FN:37,(anonymous_6)
FN:41,(anonymous_7)
FNF:8
FNH:2
FNDA:1,(anonymous_0)
FNDA:1,(anonymous_1)
FNDA:0,(anonymous_2)
FNDA:0,(anonymous_3)
FNDA:0,(anonymous_4)
FNDA:0,(anonymous_5)
FNDA:0,(anonymous_6)
FNDA:0,(anonymous_7)
DA:8,1
DA:10,1
DA:11,1
DA:12,1
DA:14,1
DA:15,0
DA:16,0
DA:17,0
DA:18,0
DA:22,0
DA:28,0
DA:29,0
DA:39,0
DA:42,0
DA:43,0
DA:44,0
DA:45,0
DA:51,0
DA:52,0
DA:53,0
DA:55,0
DA:57,0
DA:58,0
DA:59,0
DA:62,0
DA:63,0
LF:26
LH:5
BRF:0
BRH:0
end_of_record
TN:
SF:D:\work\github\vue-ui\src\validate.js
FN:2,(anonymous_0)
FN:6,(anonymous_1)
FN:10,(anonymous_2)
FN:12,(anonymous_3)
FN:23,(anonymous_4)
FN:24,(anonymous_5)
FN:39,(anonymous_6)
FN:45,(anonymous_7)
FN:54,(anonymous_8)
FN:60,(anonymous_9)
FN:67,ensureObject
FNF:11
FNH:10
FNDA:1,(anonymous_0)
FNDA:12,(anonymous_1)
FNDA:12,(anonymous_2)
FNDA:12,(anonymous_3)
FNDA:29,(anonymous_4)
FNDA:12,(anonymous_5)
FNDA:8,(anonymous_6)
FNDA:4,(anonymous_7)
FNDA:2,(anonymous_8)
FNDA:0,(anonymous_9)
FNDA:10,ensureObject
DA:3,1
DA:11,12
DA:12,12
DA:13,12
DA:14,12
DA:15,8
DA:16,8
DA:17,2
DA:18,2
DA:19,2
DA:23,29
DA:24,10
DA:25,12
DA:26,10
DA:27,10
DA:28,8
DA:29,8
DA:32,2
DA:36,10
DA:40,8
DA:41,2
DA:46,4
DA:47,2
DA:49,4
DA:50,3
DA:55,2
DA:56,1
DA:61,0
DA:62,0
DA:68,10
DA:69,9
LF:31
LH:29
BRDA:14,0,0,8
BRDA:14,0,1,4
BRDA:16,1,0,2
BRDA:16,1,1,6
BRDA:23,2,0,29
BRDA:23,2,1,19
BRDA:25,3,0,10
BRDA:25,3,1,2
BRDA:27,4,0,8
BRDA:27,4,1,2
BRDA:40,5,0,2
BRDA:40,5,1,6
BRDA:40,6,0,8
BRDA:40,6,1,7
BRDA:46,7,0,2
BRDA:46,7,1,2
BRDA:49,8,0,3
BRDA:49,8,1,1
BRDA:55,9,0,1
BRDA:55,9,1,1
BRDA:61,10,0,0
BRDA:61,10,1,0
BRDA:68,11,0,9
BRDA:68,11,1,1
BRF:24
BRH:22
end_of_record
TN:
SF:D:\work\github\vue-ui\tests\unit\validate.spec.js
FN:11,(anonymous_0)
FN:12,(anonymous_1)
FN:15,(anonymous_2)
FN:27,(anonymous_3)
FN:39,(anonymous_4)
FN:51,(anonymous_5)
FN:63,(anonymous_6)
FN:76,(anonymous_7)
FN:89,(anonymous_8)
FN:96,(anonymous_9)
FN:103,(anonymous_10)
FN:108,(anonymous_11)
FN:117,(anonymous_12)
FN:124,(anonymous_13)
FN:130,(anonymous_14)
FN:139,(anonymous_15)
FN:142,(anonymous_16)
FN:149,(anonymous_17)
FN:155,(anonymous_18)
FN:164,(anonymous_19)
FN:167,(anonymous_20)
FNF:21
FNH:21
FNDA:1,(anonymous_0)
FNDA:1,(anonymous_1)
FNDA:1,(anonymous_2)
FNDA:1,(anonymous_3)
FNDA:1,(anonymous_4)
FNDA:1,(anonymous_5)
FNDA:1,(anonymous_6)
FNDA:1,(anonymous_7)
FNDA:1,(anonymous_8)
FNDA:1,(anonymous_9)
FNDA:1,(anonymous_10)
FNDA:1,(anonymous_11)
FNDA:1,(anonymous_12)
FNDA:1,(anonymous_13)
FNDA:1,(anonymous_14)
FNDA:1,(anonymous_15)
FNDA:1,(anonymous_16)
FNDA:1,(anonymous_17)
FNDA:2,(anonymous_18)
FNDA:1,(anonymous_19)
FNDA:1,(anonymous_20)
DA:5,1
DA:11,1
DA:12,1
DA:13,1
DA:15,1
DA:16,1
DA:19,1
DA:22,1
DA:23,1
DA:24,1
DA:27,1
DA:28,1
DA:31,1
DA:34,1
DA:35,1
DA:36,1
DA:39,1
DA:40,1
DA:43,1
DA:46,1
DA:47,1
DA:48,1
DA:51,1
DA:52,1
DA:55,1
DA:58,1
DA:59,1
DA:60,1
DA:63,1
DA:64,1
DA:67,1
DA:70,1
DA:71,1
DA:72,1
DA:73,1
DA:76,1
DA:77,1
DA:80,1
DA:83,1
DA:84,1
DA:85,1
DA:86,1
DA:89,1
DA:90,1
DA:93,1
DA:96,1
DA:97,1
DA:98,1
DA:100,1
DA:103,1
DA:104,1
DA:107,1
DA:108,1
DA:109,1
DA:110,1
DA:113,1
DA:117,1
DA:118,1
DA:120,1
DA:121,1
DA:124,1
DA:125,1
DA:128,1
DA:129,1
DA:130,1
DA:131,1
DA:132,1
DA:135,1
DA:139,1
DA:140,1
DA:142,1
DA:143,1
DA:145,1
DA:146,1
DA:149,1
DA:150,1
DA:153,1
DA:154,1
DA:155,1
DA:156,2
DA:157,2
DA:160,1
DA:164,1
DA:165,1
DA:167,1
DA:168,1
DA:170,1
DA:171,1
LF:88
LH:88
BRDA:109,0,0,1
BRDA:109,0,1,0
BRDA:131,1,0,1
BRDA:131,1,1,0
BRDA:156,2,0,2
BRDA:156,2,1,0
BRF:6
BRH:3
end_of_record
